<?xml version="1.0" encoding="UTF-8"?>
<!-- Generated by org.testng.reporters.JUnitReportReporter -->
<testsuite hostname="DESKTOP-G6F6962" failures="0" tests="8" name="com.E2E.tests.FlipkartLandingPageTest" time="109.741" errors="0" timestamp="2024-01-01T12:47:42 IST" skipped="0">
  <testcase classname="com.E2E.tests.FlipkartLandingPageTest" name="selectGroceryCategory" time="15.626"/>
  <system-out/>
  <testcase classname="com.E2E.tests.FlipkartLandingPageTest" name="verifyribbonsIsDisplayed" time="10.424"/>
  <system-out/>
  <testcase classname="com.E2E.tests.FlipkartLandingPageTest" name="gamingAllFromElectronicsCategory" time="18.754"/>
  <system-out/>
  <testcase classname="com.E2E.tests.FlipkartLandingPageTest" name="verifyFlipkartlogo" time="9.588"/>
  <system-out/>
  <testcase classname="com.E2E.tests.FlipkartLandingPageTest" name="selectAppliancesCategory" time="13.874"/>
  <system-out/>
  <testcase classname="com.E2E.tests.FlipkartLandingPageTest" name="selectMobileCategory" time="13.455"/>
  <system-out/>
  <testcase classname="com.E2E.tests.FlipkartLandingPageTest" name="ClickOnMobiles" time="13.340"/>
  <system-out/>
  <testcase classname="com.E2E.tests.FlipkartLandingPageTest" name="selectTravelCategory" time="14.680"/>
  <system-out/>
</testsuite> <!-- com.E2E.tests.FlipkartLandingPageTest -->
