<?xml version="1.0" encoding="UTF-8"?>
<!-- Generated by org.testng.reporters.JUnitReportReporter -->
<testsuite hostname="DESKTOP-G6F6962" failures="0" tests="4" name="com.E2E.tests.FlipkartTravelPageTest" time="52.015" errors="0" timestamp="2024-01-05T19:13:19 IST" skipped="0">
  <testcase classname="com.E2E.tests.FlipkartTravelPageTest" name="verifyToAddressFieldIsEnabled" time="10.767"/>
  <system-out/>
  <testcase classname="com.E2E.tests.FlipkartTravelPageTest" name="verifyDepartureIsEnabled" time="12.225"/>
  <system-out/>
  <testcase classname="com.E2E.tests.FlipkartTravelPageTest" name="verifyFromAddressFieldIsEnabled" time="11.545"/>
  <system-out/>
  <testcase classname="com.E2E.tests.FlipkartTravelPageTest" name="searchBasedOnDate" time="17.478"/>
  <system-out/>
</testsuite> <!-- com.E2E.tests.FlipkartTravelPageTest -->
