<?xml version="1.0" encoding="UTF-8"?>
<!-- Generated by org.testng.reporters.JUnitReportReporter -->
<testsuite hostname="DESKTOP-G6F6962" failures="0" tests="1" name="com.E2E.tests.LandingPageTest" time="8.765" errors="0" timestamp="2024-01-13T13:32:04 IST" skipped="0">
  <testcase classname="com.E2E.tests.LandingPageTest" name="EnterTextInSearchField" time="8.765"/>
  <system-out/>
</testsuite> <!-- com.E2E.tests.LandingPageTest -->
