<?xml version="1.0" encoding="UTF-8"?>
<!-- Generated by org.testng.reporters.JUnitReportReporter -->
<testsuite hostname="DESKTOP-G6F6962" failures="0" tests="1" name="com.E2E.tests.SearchResultsPageTest" time="16.800" errors="0" timestamp="2024-01-01T12:47:42 IST" skipped="0">
  <testcase classname="com.E2E.tests.SearchResultsPageTest" name="ClickOnFlipkart" time="16.800"/>
  <system-out/>
</testsuite> <!-- com.E2E.tests.SearchResultsPageTest -->
