<?xml version="1.0" encoding="UTF-8"?>
<!-- Generated by org.testng.reporters.JUnitReportReporter -->
<testsuite hostname="DESKTOP-G6F6962" failures="0" tests="1" name="com.E2E.tests.FlipkartFashion_MenFootwear_All_Test" time="20.118" errors="0" timestamp="2024-01-07T13:03:12 IST" skipped="0">
  <testcase classname="com.E2E.tests.FlipkartFashion_MenFootwear_All_Test" name="selectFashionMensFootwearAll" time="20.118"/>
  <system-out/>
</testsuite> <!-- com.E2E.tests.FlipkartFashion_MenFootwear_All_Test -->
