<?xml version="1.0" encoding="UTF-8"?>
<!-- Generated by org.testng.reporters.JUnitReportReporter -->
<testsuite hostname="DESKTOP-G6F6962" failures="0" tests="2" name="com.E2E.tests.FlipkartMobilesPageTest" time="30.330" errors="0" timestamp="2024-01-13T15:50:18 IST" skipped="0">
  <testcase classname="com.E2E.tests.FlipkartMobilesPageTest" name="selectMobileFromDefaultList" time="16.829"/>
  <system-out/>
  <testcase classname="com.E2E.tests.FlipkartMobilesPageTest" name="searchSpecificMobile" time="13.501"/>
  <system-out/>
</testsuite> <!-- com.E2E.tests.FlipkartMobilesPageTest -->
