<?xml version="1.0" encoding="UTF-8"?>
<!-- Generated by org.testng.reporters.JUnitReportReporter -->
<testsuite hostname="DESKTOP-G6F6962" failures="0" tests="4" name="com.E2E.tests.FlipkartTravelPageTest" time="60.162" errors="0" timestamp="2024-01-06T17:30:48 IST" skipped="0">
  <testcase classname="com.E2E.tests.FlipkartTravelPageTest" name="verifyDepartureIsEnabled" time="13.999"/>
  <system-out/>
  <testcase classname="com.E2E.tests.FlipkartTravelPageTest" name="searchBasedOnDate" time="19.567"/>
  <system-out/>
  <testcase classname="com.E2E.tests.FlipkartTravelPageTest" name="verifyToAddressFieldIsEnabled" time="12.798"/>
  <system-out/>
  <testcase classname="com.E2E.tests.FlipkartTravelPageTest" name="verifyFromAddressFieldIsEnabled" time="13.798"/>
  <system-out/>
</testsuite> <!-- com.E2E.tests.FlipkartTravelPageTest -->
