<?xml version="1.0" encoding="UTF-8"?>
<!-- Generated by org.testng.reporters.JUnitReportReporter -->
<testsuite hostname="DESKTOP-G6F6962" failures="0" tests="2" name="com.E2E.tests.FlipkartMobilesPageTest" time="25.644" errors="0" timestamp="2024-01-02T21:41:23 IST" skipped="0">
  <testcase classname="com.E2E.tests.FlipkartMobilesPageTest" name="searchSpecificMobile" time="12.458"/>
  <system-out/>
  <testcase classname="com.E2E.tests.FlipkartMobilesPageTest" name="selectMobileFromDefaultList" time="13.186"/>
  <system-out/>
</testsuite> <!-- com.E2E.tests.FlipkartMobilesPageTest -->
