<?xml version="1.0" encoding="UTF-8"?>
<!-- Generated by org.testng.reporters.JUnitReportReporter -->
<testsuite hostname="DESKTOP-G6F6962" failures="0" tests="2" name="com.E2E.tests.FlipkartElectronics_GamingAllTest" time="31.878" errors="0" timestamp="2024-01-01T12:47:42 IST" skipped="0">
  <testcase classname="com.E2E.tests.FlipkartElectronics_GamingAllTest" name="selectRadomProductFromList" time="14.625"/>
  <system-out/>
  <testcase classname="com.E2E.tests.FlipkartElectronics_GamingAllTest" name="verifyproductlistIsDisplayed" time="17.253"/>
  <system-out/>
</testsuite> <!-- com.E2E.tests.FlipkartElectronics_GamingAllTest -->
